2023-10-02 13:44:35 [scrapy.utils.log] INFO: Scrapy 2.11.0 started (bot: price_alert)
2023-10-02 13:44:35 [scrapy.utils.log] INFO: Versions: lxml 4.9.3.0, libxml2 2.10.3, cssselect 1.2.0, parsel 1.8.1, w3lib 2.1.2, Twisted 22.10.0, Python 3.10.12 (main, Jun 11 2023, 05:26:28) [GCC 11.4.0], pyOpenSSL 23.2.0 (OpenSSL 3.1.3 19 Sep 2023), cryptography 41.0.4, Platform Linux-6.2.0-33-generic-x86_64-with-glibc2.35
2023-10-02 13:44:35 [scrapy.addons] INFO: Enabled addons:
[]
2023-10-02 13:44:35 [asyncio] DEBUG: Using selector: EpollSelector
2023-10-02 13:44:35 [scrapy.utils.log] DEBUG: Using reactor: twisted.internet.asyncioreactor.AsyncioSelectorReactor
2023-10-02 13:44:35 [scrapy.utils.log] DEBUG: Using asyncio event loop: asyncio.unix_events._UnixSelectorEventLoop
2023-10-02 13:44:35 [scrapy.extensions.telnet] INFO: Telnet Password: 97f1b9f61dfb00b5
2023-10-02 13:44:35 [scrapy.middleware] INFO: Enabled extensions:
['scrapy.extensions.corestats.CoreStats',
 'scrapy.extensions.telnet.TelnetConsole',
 'scrapy.extensions.memusage.MemoryUsage',
 'scrapy.extensions.logstats.LogStats',
 'scrapeops_scrapy.extension.ScrapeOpsMonitor']
2023-10-02 13:44:35 [scrapy.crawler] INFO: Overridden settings:
{'BOT_NAME': 'price_alert',
 'FEED_EXPORT_ENCODING': 'utf-8',
 'LOG_FILE': 'logs/price_alert/amazon/f770a6d0614211ee90b9c3b520c834d6.log',
 'NEWSPIDER_MODULE': 'price_alert.spiders',
 'REQUEST_FINGERPRINTER_IMPLEMENTATION': '2.7',
 'ROBOTSTXT_OBEY': True,
 'SPIDER_MODULES': ['price_alert.spiders'],
 'TWISTED_REACTOR': 'twisted.internet.asyncioreactor.AsyncioSelectorReactor'}
2023-10-02 13:44:35 [scrapy.middleware] INFO: Enabled downloader middlewares:
['scrapy.downloadermiddlewares.robotstxt.RobotsTxtMiddleware',
 'scrapy.downloadermiddlewares.httpauth.HttpAuthMiddleware',
 'scrapy.downloadermiddlewares.downloadtimeout.DownloadTimeoutMiddleware',
 'scrapy.downloadermiddlewares.defaultheaders.DefaultHeadersMiddleware',
 'scrapy.downloadermiddlewares.useragent.UserAgentMiddleware',
 'scrapeops_scrapy.middleware.retry.RetryMiddleware',
 'scrapy.downloadermiddlewares.redirect.MetaRefreshMiddleware',
 'scrapy.downloadermiddlewares.httpcompression.HttpCompressionMiddleware',
 'scrapy.downloadermiddlewares.redirect.RedirectMiddleware',
 'scrapy.downloadermiddlewares.cookies.CookiesMiddleware',
 'scrapy.downloadermiddlewares.httpproxy.HttpProxyMiddleware',
 'scrapy.downloadermiddlewares.stats.DownloaderStats']
2023-10-02 13:44:35 [scrapy.middleware] INFO: Enabled spider middlewares:
['scrapy.spidermiddlewares.httperror.HttpErrorMiddleware',
 'scrapy.spidermiddlewares.offsite.OffsiteMiddleware',
 'scrapy.spidermiddlewares.referer.RefererMiddleware',
 'scrapy.spidermiddlewares.urllength.UrlLengthMiddleware',
 'scrapy.spidermiddlewares.depth.DepthMiddleware']
2023-10-02 13:44:35 [scrapy.middleware] INFO: Enabled item pipelines:
['price_alert.pipelines.SaveToPostgresPipeline']
2023-10-02 13:44:35 [scrapy.core.engine] INFO: Spider opened
2023-10-02 13:44:35 [scrapy.extensions.logstats] INFO: Crawled 0 pages (at 0 pages/min), scraped 0 items (at 0 items/min)
2023-10-02 13:44:35 [urllib3.connectionpool] DEBUG: Starting new HTTPS connection (1): api.scrapeops.io:443
2023-10-02 13:44:36 [urllib3.connectionpool] DEBUG: https://api.scrapeops.io:443 "POST /api/v1/setup/ HTTP/1.1" 200 None
2023-10-02 13:44:36 [scrapy.extensions.telnet] INFO: Telnet console listening on 127.0.0.1:6027
2023-10-02 13:44:36 [urllib3.connectionpool] DEBUG: Starting new HTTPS connection (1): api.scrapeops.io:443
2023-10-02 13:44:37 [urllib3.connectionpool] DEBUG: https://api.scrapeops.io:443 "POST /api/v1/normalizer/domain/?domain=amazon.com.br HTTP/1.1" 200 None
2023-10-02 13:44:37 [scrapy.core.engine] DEBUG: Crawled (200) <GET https://www.amazon.com.br/robots.txt> (referer: None)
2023-10-02 13:44:37 [scrapeops_scrapy.middleware.retry] DEBUG: Retrying <GET https://www.amazon.com.br/gp/bestsellers/electronics/16243890011/ref=zg_bs_pg_1_electronics?ie=UTF8&pg=1> (failed 1 times): 429 Unknown Status
2023-10-02 13:44:37 [scrapeops_scrapy.middleware.retry] DEBUG: Retrying <GET https://www.amazon.com.br/gp/bestsellers/electronics/16243890011/ref=zg_bs_pg_1_electronics?ie=UTF8&pg=1> (failed 2 times): 429 Unknown Status
2023-10-02 13:44:38 [root] INFO: Error: Error in error logger
2023-10-02 13:44:38 [root] INFO: 'LogRecord' object has no attribute 'message'
Traceback (most recent call last):
  File "/home/sousa/.local/lib/python3.10/site-packages/scrapeops_scrapy/core/error_logger.py", line 138, in emit
    errorMessage = record.message
AttributeError: 'LogRecord' object has no attribute 'message'
2023-10-02 13:44:38 [scrapeops_scrapy.middleware.retry] ERROR: Gave up retrying <GET https://www.amazon.com.br/gp/bestsellers/electronics/16243890011/ref=zg_bs_pg_1_electronics?ie=UTF8&pg=1> (failed 3 times): 429 Unknown Status
2023-10-02 13:44:38 [scrapy.core.engine] DEBUG: Crawled (429) <GET https://www.amazon.com.br/gp/bestsellers/electronics/16243890011/ref=zg_bs_pg_1_electronics?ie=UTF8&pg=1> (referer: None)
2023-10-02 13:44:38 [scrapy.core.engine] INFO: Closing spider (finished)
2023-10-02 13:44:38 [urllib3.connectionpool] DEBUG: Starting new HTTPS connection (1): api.scrapeops.io:443
2023-10-02 13:44:39 [urllib3.connectionpool] DEBUG: https://api.scrapeops.io:443 "POST /api/v1/stats/ HTTP/1.1" 200 108
2023-10-02 13:44:39 [scrapy.statscollectors] INFO: Dumping Scrapy stats:
{'downloader/request_bytes': 1132,
 'downloader/request_count': 4,
 'downloader/request_method_count/GET': 4,
 'downloader/response_bytes': 6194,
 'downloader/response_count': 4,
 'downloader/response_status_count/200': 1,
 'downloader/response_status_count/429': 3,
 'elapsed_time_seconds': 2.953756,
 'finish_reason': 'finished',
 'finish_time': datetime.datetime(2023, 10, 2, 16, 44, 38, 272111, tzinfo=datetime.timezone.utc),
 'httpcompression/response_bytes': 192,
 'httpcompression/response_count': 3,
 'log_count/DEBUG': 13,
 'log_count/ERROR': 1,
 'log_count/INFO': 12,
 'memusage/max': 80605184,
 'memusage/startup': 80605184,
 'response_received_count': 2,
 'retry/count': 2,
 'retry/max_reached': 1,
 'retry/reason_count/429 Unknown Status': 2,
 'robotstxt/request_count': 1,
 'robotstxt/response_count': 1,
 'robotstxt/response_status_count/200': 1,
 'scheduler/dequeued': 3,
 'scheduler/dequeued/memory': 3,
 'scheduler/enqueued': 3,
 'scheduler/enqueued/memory': 3,
 'start_time': datetime.datetime(2023, 10, 2, 16, 44, 35, 318355, tzinfo=datetime.timezone.utc)}
2023-10-02 13:44:39 [scrapy.core.engine] INFO: Spider closed (finished)
